#
# There is insufficient memory for the Java Runtime Environment to continue.
# Native memory allocation (malloc) failed to allocate 272496 bytes for Chunk::new
# Possible reasons:
#   The system is out of physical RAM or swap space
#   The process is running with CompressedOops enabled, and the Java Heap may be blocking the growth of the native heap
# Possible solutions:
#   Reduce memory load on the system
#   Increase physical memory or swap space
#   Check if swap backing store is full
#   Decrease Java heap size (-Xmx/-Xms)
#   Decrease number of Java threads
#   Decrease Java thread stack sizes (-Xss)
#   Set larger code cache with -XX:ReservedCodeCacheSize=
#   JVM is running with Unscaled Compressed Oops mode in which the Java heap is
#     placed in the first 4GB address space. The Java Heap base address is the
#     maximum limit for the native heap growth. Please use -XX:HeapBaseMinAddress
#     to set the Java Heap base and to place the Java Heap above 4GB virtual address.
# This output file may be truncated or incomplete.
#
#  Out of Memory Error (allocation.cpp:389), pid=10756, tid=0x000000000000158c
#
# JRE version: OpenJDK Runtime Environment (8.0_242-b01) (build 1.8.0_242-release-1644-b01)
# Java VM: OpenJDK 64-Bit Server VM (25.242-b01 mixed mode windows-amd64 compressed oops)
# Failed to write core dump. Minidumps are not enabled by default on client versions of Windows
#

---------------  T H R E A D  ---------------

Current thread (0x0000000015fb4800):  JavaThread "C2 CompilerThread0" daemon [_thread_in_native, id=5516, stack(0x0000000017620000,0x0000000017720000)]

Stack: [0x0000000017620000,0x0000000017720000]
[error occurred during error reporting (printing stack bounds), id 0xc0000005]

Native frames: (J=compiled Java code, j=interpreted, Vv=VM code, C=native code)


Current CompileTask:
C2:   3488  874       4       com.badlogic.gdx.graphics.g3d.shaders.DefaultShader::render (49 bytes)


---------------  P R O C E S S  ---------------

Java Threads: ( => current thread )
  0x000000001f6bf000 JavaThread "LWJGL Timer" daemon [_thread_blocked, id=12444, stack(0x00000000205a0000,0x00000000206a0000)]
  0x00000000027f3800 JavaThread "DestroyJavaVM" [_thread_blocked, id=3044, stack(0x0000000002670000,0x0000000002770000)]
  0x0000000018311000 JavaThread "LWJGL Application" [_thread_in_native, id=2944, stack(0x0000000018fb0000,0x00000000190b0000)]
  0x000000001600e800 JavaThread "Service Thread" daemon [_thread_blocked, id=3668, stack(0x0000000017d20000,0x0000000017e20000)]
  0x0000000015fcd000 JavaThread "C1 CompilerThread2" daemon [_thread_blocked, id=1832, stack(0x0000000017820000,0x0000000017920000)]
  0x0000000015fbd800 JavaThread "C2 CompilerThread1" daemon [_thread_in_native, id=13244, stack(0x0000000017720000,0x0000000017820000)]
=>0x0000000015fb4800 JavaThread "C2 CompilerThread0" daemon [_thread_in_native, id=5516, stack(0x0000000017620000,0x0000000017720000)]
  0x0000000015fb3800 JavaThread "Attach Listener" daemon [_thread_blocked, id=9988, stack(0x0000000017520000,0x0000000017620000)]
  0x0000000015fb9800 JavaThread "Signal Dispatcher" daemon [_thread_blocked, id=11624, stack(0x0000000017420000,0x0000000017520000)]
  0x00000000028ed000 JavaThread "Finalizer" daemon [_thread_blocked, id=360, stack(0x0000000017210000,0x0000000017310000)]
  0x0000000015f99000 JavaThread "Reference Handler" daemon [_thread_blocked, id=8924, stack(0x0000000017110000,0x0000000017210000)]

Other Threads:
  0x0000000015f76800 VMThread [stack: 0x0000000017010000,0x0000000017110000] [id=7996]
  0x0000000017960000 WatcherThread [stack: 0x0000000017e20000,0x0000000017f20000] [id=13880]

VM state:not at safepoint (normal execution)

VM Mutex/Monitor currently owned by a thread: None

heap address: 0x00000000a4a00000, size: 1462 MB, Compressed Oops mode: 32-bit
Narrow klass base: 0x0000000000000000, Narrow klass shift: 3
Compressed class space size: 1073741824 Address: 0x0000000100000000

Heap:
 PSYoungGen      total 27648K, used 9655K [0x00000000e1900000, 0x00000000e3780000, 0x0000000100000000)
  eden space 24064K, 27% used [0x00000000e1900000,0x00000000e1f67a90,0x00000000e3080000)
  from space 3584K, 86% used [0x00000000e3080000,0x00000000e3386478,0x00000000e3400000)
  to   space 3584K, 0% used [0x00000000e3400000,0x00000000e3400000,0x00000000e3780000)
 ParOldGen       total 62976K, used 8K [0x00000000a4a00000, 0x00000000a8780000, 0x00000000e1900000)
  object space 62976K, 0% used [0x00000000a4a00000,0x00000000a4a02000,0x00000000a8780000)
 Metaspace       used 7148K, capacity 7299K, committed 7424K, reserved 1056768K
  class space    used 645K, capacity 656K, committed 768K, reserved 1048576K

Card table byte_map: [0x0000000011cb0000,0x0000000011f90000] byte_map_base: 0x000000001178b000

Marking Bits: (ParMarkBitMap*) 0x000000006174f030
 Begin Bits: [0x0000000012580000, 0x0000000013c58000)
 End Bits:   [0x0000000013c58000, 0x0000000015330000)

Polling page: 0x00000000009f0000

CodeCache: size=245760Kb used=3450Kb max_used=3462Kb free=242309Kb
 bounds [0x00000000028f0000, 0x0000000002c60000, 0x00000000118f0000]
 total_blobs=1315 nmethods=873 adapters=357
 compilation: enabled

Compilation events (10 events):
Event: 3.391 Thread 0x0000000015fb4800 nmethod 870 0x0000000002c487d0 code [0x0000000002c48960, 0x0000000002c48c88]
Event: 3.391 Thread 0x0000000015fb4800  871       4       com.badlogic.gdx.utils.Pool::reset (17 bytes)
Event: 3.391 Thread 0x0000000015fb4800 nmethod 871 0x0000000002c4c810 code [0x0000000002c4c940, 0x0000000002c4c9f8]
Event: 3.400 Thread 0x0000000015fbd800 nmethod 868 0x0000000002c53b10 code [0x0000000002c53d80, 0x0000000002c54ee8]
Event: 3.420 Thread 0x0000000015fb4800  872       4       com.badlogic.gdx.graphics.g3d.utils.BaseShaderProvider::getShader (108 bytes)
Event: 3.421 Thread 0x0000000015fbd800  873       4       com.badlogic.gdx.graphics.g3d.shaders.BaseShader::render (66 bytes)
Event: 3.436 Thread 0x0000000015fb4800 nmethod 872 0x0000000002c4af10 code [0x0000000002c4b0a0, 0x0000000002c4b798]
Event: 3.436 Thread 0x0000000015fb4800  874       4       com.badlogic.gdx.graphics.g3d.shaders.DefaultShader::render (49 bytes)
Event: 3.471 Thread 0x0000000015fcd000  876       3       org.lwjgl.opengl.Display::getPixelScaleFactor (9 bytes)
Event: 3.471 Thread 0x0000000015fcd000 nmethod 876 0x0000000002c483d0 code [0x0000000002c48560, 0x0000000002c48710]

GC Heap History (2 events):
Event: 1.314 GC heap before
{Heap before GC invocations=1 (full 0):
 PSYoungGen      total 27648K, used 24064K [0x00000000e1900000, 0x00000000e3780000, 0x0000000100000000)
  eden space 24064K, 100% used [0x00000000e1900000,0x00000000e3080000,0x00000000e3080000)
  from space 3584K, 0% used [0x00000000e3400000,0x00000000e3400000,0x00000000e3780000)
  to   space 3584K, 0% used [0x00000000e3080000,0x00000000e3080000,0x00000000e3400000)
 ParOldGen       total 62976K, used 0K [0x00000000a4a00000, 0x00000000a8780000, 0x00000000e1900000)
  object space 62976K, 0% used [0x00000000a4a00000,0x00000000a4a00000,0x00000000a8780000)
 Metaspace       used 6391K, capacity 6627K, committed 6784K, reserved 1056768K
  class space    used 590K, capacity 624K, committed 640K, reserved 1048576K
Event: 1.319 GC heap after
Heap after GC invocations=1 (full 0):
 PSYoungGen      total 27648K, used 3097K [0x00000000e1900000, 0x00000000e3780000, 0x0000000100000000)
  eden space 24064K, 0% used [0x00000000e1900000,0x00000000e1900000,0x00000000e3080000)
  from space 3584K, 86% used [0x00000000e3080000,0x00000000e3386478,0x00000000e3400000)
  to   space 3584K, 0% used [0x00000000e3400000,0x00000000e3400000,0x00000000e3780000)
 ParOldGen       total 62976K, used 8K [0x00000000a4a00000, 0x00000000a8780000, 0x00000000e1900000)
  object space 62976K, 0% used [0x00000000a4a00000,0x00000000a4a02000,0x00000000a8780000)
 Metaspace       used 6391K, capacity 6627K, committed 6784K, reserved 1056768K
  class space    used 590K, capacity 624K, committed 640K, reserved 1048576K
}

Deoptimization events (8 events):
Event: 1.183 Thread 0x0000000018311000 Uncommon trap: reason=unstable_if action=reinterpret pc=0x0000000002aad7e4 method=java.lang.String.<init>([CII)V @ 18
Event: 1.269 Thread 0x0000000018311000 Uncommon trap: reason=predicate action=maybe_recompile pc=0x0000000002b7923c method=java.util.AbstractCollection.toArray([Ljava/lang/Object;)[Ljava/lang/Object; @ 49
Event: 1.283 Thread 0x0000000018311000 Uncommon trap: reason=array_check action=maybe_recompile pc=0x0000000002b6c524 method=java.util.AbstractCollection.toArray([Ljava/lang/Object;)[Ljava/lang/Object; @ 119
Event: 1.283 Thread 0x0000000018311000 Uncommon trap: reason=array_check action=maybe_recompile pc=0x0000000002b6c524 method=java.util.AbstractCollection.toArray([Ljava/lang/Object;)[Ljava/lang/Object; @ 119
Event: 1.283 Thread 0x0000000018311000 Uncommon trap: reason=array_check action=maybe_recompile pc=0x0000000002b6c524 method=java.util.AbstractCollection.toArray([Ljava/lang/Object;)[Ljava/lang/Object; @ 119
Event: 1.283 Thread 0x0000000018311000 Uncommon trap: reason=array_check action=maybe_recompile pc=0x0000000002b6c524 method=java.util.AbstractCollection.toArray([Ljava/lang/Object;)[Ljava/lang/Object; @ 119
Event: 1.332 Thread 0x0000000018311000 Uncommon trap: reason=unstable_if action=reinterpret pc=0x0000000002b6de58 method=java.io.BufferedReader.readLine(Z)Ljava/lang/String; @ 55
Event: 1.380 Thread 0x0000000018311000 Uncommon trap: reason=unstable_if action=reinterpret pc=0x0000000002b974e4 method=java.lang.Math.max(FF)F @ 11

Classes redefined (0 events):
No events

Internal exceptions (10 events):
Event: 0.202 Thread 0x00000000027f3800 Exception <a 'java/security/PrivilegedActionException'> (0x00000000e1c08b38) thrown at [C:\src\AOSP-openjdk-git\hotspot\src\share\vm\prims\jvm.cpp, line 1502]
Event: 0.202 Thread 0x00000000027f3800 Exception <a 'java/security/PrivilegedActionException'> (0x00000000e1c08d48) thrown at [C:\src\AOSP-openjdk-git\hotspot\src\share\vm\prims\jvm.cpp, line 1502]
Event: 0.202 Thread 0x00000000027f3800 Exception <a 'java/security/PrivilegedActionException'> (0x00000000e1c0a280) thrown at [C:\src\AOSP-openjdk-git\hotspot\src\share\vm\prims\jvm.cpp, line 1502]
Event: 0.202 Thread 0x00000000027f3800 Exception <a 'java/security/PrivilegedActionException'> (0x00000000e1c0a490) thrown at [C:\src\AOSP-openjdk-git\hotspot\src\share\vm\prims\jvm.cpp, line 1502]
Event: 0.481 Thread 0x00000000027f3800 Exception <a 'java/security/PrivilegedActionException'> (0x00000000e1d7ff90) thrown at [C:\src\AOSP-openjdk-git\hotspot\src\share\vm\prims\jvm.cpp, line 1502]
Event: 0.481 Thread 0x00000000027f3800 Exception <a 'java/security/PrivilegedActionException'> (0x00000000e1d81c68) thrown at [C:\src\AOSP-openjdk-git\hotspot\src\share\vm\prims\jvm.cpp, line 1502]
Event: 0.481 Thread 0x00000000027f3800 Exception <a 'java/security/PrivilegedActionException'> (0x00000000e1d82dd8) thrown at [C:\src\AOSP-openjdk-git\hotspot\src\share\vm\prims\jvm.cpp, line 1502]
Event: 0.482 Thread 0x00000000027f3800 Exception <a 'java/security/PrivilegedActionException'> (0x00000000e1d87ff0) thrown at [C:\src\AOSP-openjdk-git\hotspot\src\share\vm\prims\jvm.cpp, line 1502]
Event: 0.482 Thread 0x00000000027f3800 Exception <a 'java/security/PrivilegedActionException'> (0x00000000e1d88c48) thrown at [C:\src\AOSP-openjdk-git\hotspot\src\share\vm\prims\jvm.cpp, line 1502]
Event: 0.482 Thread 0x00000000027f3800 Exception <a 'java/security/PrivilegedActionException'> (0x00000000e1d89870) thrown at [C:\src\AOSP-openjdk-git\hotspot\src\share\vm\prims\jvm.cpp, line 1502]

Events (10 events):
Event: 1.604 loading class com/badlogic/gdx/utils/Pool$Poolable done
Event: 1.607 loading class org/lwjgl/opengl/GL13
Event: 1.607 loading class org/lwjgl/opengl/GL13 done
Event: 1.620 loading class org/lwjgl/opengl/Sync
Event: 1.620 loading class org/lwjgl/opengl/Sync done
Event: 1.620 loading class org/lwjgl/opengl/Sync$RunningAvg
Event: 1.620 loading class org/lwjgl/opengl/Sync$RunningAvg done
Event: 1.621 loading class org/lwjgl/opengl/Sync$1
Event: 1.621 loading class org/lwjgl/opengl/Sync$1 done
Event: 1.622 Thread 0x000000001f6bf000 Thread added: 0x000000001f6bf000


Dynamic libraries:
0x00007ff66cd80000 - 0x00007ff66cdb1000 	C:\Program Files\Android\Android Studio\jre\bin\java.exe
0x00007ff8afaf0000 - 0x00007ff8afce5000 	C:\WINDOWS\SYSTEM32\ntdll.dll
0x00007ff8adf90000 - 0x00007ff8ae04d000 	C:\WINDOWS\System32\KERNEL32.DLL
0x00007ff8ad480000 - 0x00007ff8ad749000 	C:\WINDOWS\System32\KERNELBASE.dll
0x00007ff8ae950000 - 0x00007ff8ae9fc000 	C:\WINDOWS\System32\ADVAPI32.dll
0x00007ff8aead0000 - 0x00007ff8aeb6e000 	C:\WINDOWS\System32\msvcrt.dll
0x00007ff8ae2d0000 - 0x00007ff8ae36c000 	C:\WINDOWS\System32\sechost.dll
0x00007ff8add20000 - 0x00007ff8ade4b000 	C:\WINDOWS\System32\RPCRT4.dll
0x00007ff8af8e0000 - 0x00007ff8afa80000 	C:\WINDOWS\System32\USER32.dll
0x00007ff8ad2d0000 - 0x00007ff8ad2f2000 	C:\WINDOWS\System32\win32u.dll
0x00007ff8ae3f0000 - 0x00007ff8ae41a000 	C:\WINDOWS\System32\GDI32.dll
0x00007ff8ad750000 - 0x00007ff8ad85b000 	C:\WINDOWS\System32\gdi32full.dll
0x00007ff8ad230000 - 0x00007ff8ad2cd000 	C:\WINDOWS\System32\msvcp_win.dll
0x00007ff8ad9c0000 - 0x00007ff8adac0000 	C:\WINDOWS\System32\ucrtbase.dll
0x00007ff89d3b0000 - 0x00007ff89d64a000 	C:\WINDOWS\WinSxS\amd64_microsoft.windows.common-controls_6595b64144ccf1df_6.0.19041.844_none_ca00b6081b84eb1d\COMCTL32.dll
0x00007ff8afa80000 - 0x00007ff8afab0000 	C:\WINDOWS\System32\IMM32.DLL
0x000000005fff0000 - 0x00000000600c2000 	C:\Program Files\Android\Android Studio\jre\jre\bin\msvcr100.dll
0x0000000060f80000 - 0x00000000617cb000 	C:\Program Files\Android\Android Studio\jre\jre\bin\server\jvm.dll
0x00007ff8ae420000 - 0x00007ff8ae428000 	C:\WINDOWS\System32\PSAPI.DLL
0x00007ff8a8c70000 - 0x00007ff8a8c79000 	C:\WINDOWS\SYSTEM32\WSOCK32.dll
0x00007ff8aea00000 - 0x00007ff8aea6b000 	C:\WINDOWS\System32\WS2_32.dll
0x00007ff8a3a40000 - 0x00007ff8a3a67000 	C:\WINDOWS\SYSTEM32\WINMM.dll
0x00007ff8a3a90000 - 0x00007ff8a3a9a000 	C:\WINDOWS\SYSTEM32\VERSION.dll
0x00007ff8a8c80000 - 0x00007ff8a8c8f000 	C:\Program Files\Android\Android Studio\jre\jre\bin\verify.dll
0x00007ff8a88a0000 - 0x00007ff8a88c9000 	C:\Program Files\Android\Android Studio\jre\jre\bin\java.dll
0x00007ff8a8880000 - 0x00007ff8a8896000 	C:\Program Files\Android\Android Studio\jre\jre\bin\zip.dll
0x00007ff8aeb70000 - 0x00007ff8af2b2000 	C:\WINDOWS\System32\SHELL32.dll
0x00007ff8ab160000 - 0x00007ff8ab8f0000 	C:\WINDOWS\SYSTEM32\windows.storage.dll
0x00007ff8af580000 - 0x00007ff8af8d5000 	C:\WINDOWS\System32\combase.dll
0x00007ff8acbd0000 - 0x00007ff8acbfc000 	C:\WINDOWS\SYSTEM32\Wldp.dll
0x00007ff8af4d0000 - 0x00007ff8af57e000 	C:\WINDOWS\System32\SHCORE.dll
0x00007ff8ae180000 - 0x00007ff8ae1d5000 	C:\WINDOWS\System32\shlwapi.dll
0x00007ff8ad170000 - 0x00007ff8ad18f000 	C:\WINDOWS\SYSTEM32\profapi.dll
0x0000000065ac0000 - 0x0000000065aea000 	C:\Users\¬Î‡‰\AppData\Local\Temp\libgdx¬Î‡‰\6bae761b\gdx64.dll
0x00007ff8acb30000 - 0x00007ff8acb48000 	C:\WINDOWS\SYSTEM32\CRYPTSP.dll
0x00007ff8ac2f0000 - 0x00007ff8ac324000 	C:\WINDOWS\system32\rsaenh.dll
0x00007ff8adac0000 - 0x00007ff8adae7000 	C:\WINDOWS\System32\bcrypt.dll
0x00007ff8ad130000 - 0x00007ff8ad15e000 	C:\WINDOWS\SYSTEM32\USERENV.dll
0x00007ff8ad400000 - 0x00007ff8ad480000 	C:\WINDOWS\System32\bcryptprimitives.dll
0x00007ff8acb20000 - 0x00007ff8acb2c000 	C:\WINDOWS\SYSTEM32\CRYPTBASE.dll
0x00007ff8a6810000 - 0x00007ff8a682a000 	C:\Program Files\Android\Android Studio\jre\jre\bin\net.dll
0x00007ff8ac950000 - 0x00007ff8ac9ba000 	C:\WINDOWS\system32\mswsock.dll
0x00007ff8ac640000 - 0x00007ff8ac67b000 	C:\WINDOWS\SYSTEM32\IPHLPAPI.DLL
0x00007ff8af3e0000 - 0x00007ff8af3e8000 	C:\WINDOWS\System32\NSI.dll
0x00007ff8a3a00000 - 0x00007ff8a3a17000 	C:\WINDOWS\SYSTEM32\dhcpcsvc6.DLL
0x00007ff8a3c90000 - 0x00007ff8a3cad000 	C:\WINDOWS\SYSTEM32\dhcpcsvc.DLL
0x00007ff8ac680000 - 0x00007ff8ac74b000 	C:\WINDOWS\SYSTEM32\DNSAPI.dll
0x00007ff8a6720000 - 0x00007ff8a6733000 	C:\Program Files\Android\Android Studio\jre\jre\bin\nio.dll
0x0000000180000000 - 0x0000000180053000 	C:\Users\¬Î‡‰\AppData\Local\Temp\libgdx¬Î‡‰\1cecf4f6\lwjgl64.dll
0x00007ff85a170000 - 0x00007ff85a296000 	C:\WINDOWS\SYSTEM32\OPENGL32.dll
0x00007ff85a140000 - 0x00007ff85a16c000 	C:\WINDOWS\SYSTEM32\GLU32.dll
0x0000000018a60000 - 0x0000000018ac4000 	C:\Users\46AD~1\AppData\Local\Temp\libgdx¬Î‡‰\1cecf4f6\OpenAL64.dll
0x00007ff8ade50000 - 0x00007ff8adf7a000 	C:\WINDOWS\System32\ole32.dll
0x00007ff8abb60000 - 0x00007ff8abb72000 	C:\WINDOWS\SYSTEM32\kernel.appcore.dll
0x00007ff8aa990000 - 0x00007ff8aaa2e000 	C:\WINDOWS\system32\uxtheme.dll
0x00007ff8ae430000 - 0x00007ff8ae4d9000 	C:\WINDOWS\System32\clbcatq.dll
0x00007ff87b160000 - 0x00007ff87b1fc000 	C:\WINDOWS\SYSTEM32\dsound.dll
0x00007ff8ad0a0000 - 0x00007ff8ad0eb000 	C:\WINDOWS\SYSTEM32\powrprof.dll
0x00007ff899f30000 - 0x00007ff899f56000 	C:\WINDOWS\SYSTEM32\winmmbase.dll
0x00007ff8ad080000 - 0x00007ff8ad092000 	C:\WINDOWS\SYSTEM32\UMPDC.dll
0x00007ff8a5440000 - 0x00007ff8a54c5000 	C:\WINDOWS\System32\MMDevApi.dll
0x00007ff8acf10000 - 0x00007ff8acf3c000 	C:\WINDOWS\System32\DEVOBJ.dll
0x00007ff8ad300000 - 0x00007ff8ad34e000 	C:\WINDOWS\System32\cfgmgr32.dll
0x00007ff8a5cd0000 - 0x00007ff8a5e55000 	C:\WINDOWS\SYSTEM32\AUDIOSES.DLL
0x00007ff8ae0b0000 - 0x00007ff8ae17d000 	C:\WINDOWS\System32\OLEAUT32.dll
0x00007ff8aaa70000 - 0x00007ff8aaa84000 	C:\WINDOWS\SYSTEM32\resourcepolicyclient.dll
0x00007ff8a7050000 - 0x00007ff8a70fe000 	C:\WINDOWS\SYSTEM32\mscms.dll
0x00007ff8a6e70000 - 0x00007ff8a6e81000 	C:\WINDOWS\SYSTEM32\ColorAdapterClient.dll
0x00007ff8a4e80000 - 0x00007ff8a4ec3000 	C:\Windows\System32\Windows.Internal.Graphics.Display.DisplayColorManagement.dll
0x00007ff8af2c0000 - 0x00007ff8af3d5000 	C:\WINDOWS\System32\MSCTF.dll
0x00007ff89ff40000 - 0x00007ff8a003b000 	C:\WINDOWS\SYSTEM32\textinputframework.dll
0x00007ff8aa200000 - 0x00007ff8aa55e000 	C:\WINDOWS\System32\CoreUIComponents.dll
0x00007ff8aa560000 - 0x00007ff8aa652000 	C:\WINDOWS\System32\CoreMessaging.dll
0x00007ff8abf80000 - 0x00007ff8abfb3000 	C:\WINDOWS\SYSTEM32\ntmarta.dll
0x00007ff8a9b30000 - 0x00007ff8a9c84000 	C:\WINDOWS\SYSTEM32\wintypes.dll
0x00007ff8a4ef0000 - 0x00007ff8a4fea000 	C:\Windows\System32\AppXDeploymentClient.dll
0x00007ff84cd70000 - 0x00007ff84cd99000 	C:\WINDOWS\System32\DriverStore\FileRepository\u0354259.inf_amd64_9c1fcd1df26ce806\B354183\atig6pxx.dll
0x00007ff849450000 - 0x00007ff84cd6e000 	C:\WINDOWS\System32\DriverStore\FileRepository\u0354259.inf_amd64_9c1fcd1df26ce806\B354183\atio6axx.dll
0x00007ff8ae4e0000 - 0x00007ff8ae949000 	C:\WINDOWS\System32\SETUPAPI.dll
0x00007ff86bd10000 - 0x00007ff86bd34000 	C:\WINDOWS\SYSTEM32\dxva2.dll
0x00007ff8aaa90000 - 0x00007ff8aaabf000 	C:\WINDOWS\SYSTEM32\dwmapi.dll
0x00007ff8a51c0000 - 0x00007ff8a51fa000 	C:\WINDOWS\System32\DriverStore\FileRepository\u0354259.inf_amd64_9c1fcd1df26ce806\B354183\atig6txx.dll
0x00007ff859f90000 - 0x00007ff85a13e000 	C:\WINDOWS\SYSTEM32\atiadlxx.dll
0x00007ff8a8b30000 - 0x00007ff8a8c27000 	C:\WINDOWS\SYSTEM32\PROPSYS.dll
0x00007ff8adaf0000 - 0x00007ff8adb50000 	C:\WINDOWS\System32\WINTRUST.dll
0x00007ff8ad860000 - 0x00007ff8ad9bf000 	C:\WINDOWS\System32\CRYPT32.dll
0x00007ff8acd50000 - 0x00007ff8acd62000 	C:\WINDOWS\SYSTEM32\MSASN1.dll
0x00007ff8a3d20000 - 0x00007ff8a3d5b000 	C:\WINDOWS\SYSTEM32\dxcore.dll
0x00007ff88b1e0000 - 0x00007ff88b223000 	C:\WINDOWS\SYSTEM32\icm32.dll

VM Arguments:
jvm_args: -Dfile.encoding=windows-1251 -Duser.country=RU -Duser.language=ru -Duser.variant 
java_command: com.mygdx.game.desktop.DesktopLauncher
java_class_path (initial): C:\Project\desktop\build\classes\java\main;C:\Project\desktop\build\resources\main;C:\Users\Public\.gradle\caches\modules-2\files-2.1\com.badlogicgames.gdx\gdx-tools\1.9.14\44911247a158df290b72c90e536a0988c4dce5e5\gdx-tools-1.9.14.jar;C:\Users\Public\.gradle\caches\modules-2\files-2.1\com.badlogicgames.gdx\gdx-backend-lwjgl\1.9.14\76d214441fa6faed9a4b9a2c02473f0d0a467a52\gdx-backend-lwjgl-1.9.14.jar;C:\Users\Public\.gradle\caches\modules-2\files-2.1\com.badlogicgames.gdx\gdx-platform\1.9.14\c972092618b729ebfec229c9214fb9e87861fb7a\gdx-platform-1.9.14-natives-desktop.jar;C:\Users\Public\.gradle\caches\modules-2\files-2.1\com.badlogicgames.gdx\gdx-box2d-platform\1.9.14\3c70a6038ec970ae49f96292ed48bd2a098a7f47\gdx-box2d-platform-1.9.14-natives-desktop.jar;C:\Users\Public\.gradle\caches\modules-2\files-2.1\com.badlogicgames.gdx-controllers\gdx-controllers-desktop\2.1.0\6a40821fd5233d56ef82a78db790784e0d34a340\gdx-controllers-desktop-2.1.0.jar;C:\Users\Public\.gradle\caches\modules-2\files-2.1\com.badlogicgames.gdx\gdx-bullet-platform\1.9.14\d34fd5cbeb2d82373743ebda91605684f8aebc75\gdx-bullet-platform-1.9.14-natives-desktop.jar;C:\Users\Public\.gradle\caches\modules-2\files-2.1\com.badlogicgames.gdx\gdx-freetype-platform\1.9.14\9e177715051f7b91452dfe8087ddc24ea6a702d2\gdx-freetype-platform-1.9.14-natives-desktop.jar;C:\Project\core\build\libs\core-1.0.jar;C:\Users\Public\.gradle\caches\modules-2\files-2.1\com.badlogicgames.gdx-controllers\gdx-controllers-core\2.1.0\7c282de3958795a6da5dd3cc2d64b9389a8f9142\gdx-controllers-core-2.1.0.jar;C:\Users\Public\.gradle\caches\modules-2\files-2.1\com.badlogicgames.gdx\gdx-backend-headless\1.9.14\9835096bffeab198decb2d3a5e6106be383f7141\gdx-backend-headless-1.9.14.jar;C:\Users\Public\.gradle\caches\modules-2\files-2.1\com.badlogicgames.gdx\gdx-freetype\1.9.14\a25090346bd74a30e7b62da2a7f8e9cd225c4830\gdx-freetype-1.9.14.jar;C:\Users\Public\.gradle\caches\modules-2\files-2.1\com.badlogicgames.box2dlights\b
Launcher Type: SUN_STANDARD

Environment Variables:
PATH=C:\WINDOWS\system32;C:\WINDOWS;C:\WINDOWS\System32\Wbem;C:\WINDOWS\System32\WindowsPowerShell\v1.0\;C:\WINDOWS\System32\OpenSSH\;C:\Program Files\Git\cmd;C:\Users\¬Î‡‰\AppData\Local\Microsoft\WindowsApps;C:\stm32flash;;C:\Program Files\JetBrains\JetBrains Rider 2020.3.3\bin;
USERNAME=¬Î‡‰
OS=Windows_NT
PROCESSOR_IDENTIFIER=AMD64 Family 23 Model 24 Stepping 1, AuthenticAMD



---------------  S Y S T E M  ---------------

OS: Windows 10.0 , 64 bit Build 19041 (10.0.19041.804)

CPU:total 4 (initial active 4) (4 cores per cpu, 1 threads per core) family 23 model 24 stepping 1, cmov, cx8, fxsr, mmx, sse, sse2, sse3, ssse3, sse4.1, sse4.2, popcnt, avx, avx2, aes, clmul, mmxext, 3dnowpref, lzcnt, sse4a, tsc, tscinvbit, tscinv, bmi1

Memory: 4k page, physical 5985536k(320344k free), swap 14374144k(4264k free)

vm_info: OpenJDK 64-Bit Server VM (25.242-b01) for windows-amd64 JRE (1.8.0_242-release-1644-b01), built by "builder" with MS VC++ 10.0 (VS2010)

time: Sat Apr 03 22:34:04 2021
timezone: RTZ 7 (ÁËÏ‡)
elapsed time: 3 seconds (0d 0h 0m 3s)

